<?xml version="1.0" encoding="UTF-8"?>
<Site BuildName="Linux-x86_64-linux-gnu-g++-7"
	BuildStamp="20220124-1604-Experimental"
	Name="olive-VirtualBox"
	Generator="ctest-3.10.2"
	CompilerName="/usr/bin/x86_64-linux-gnu-g++-7"
	CompilerVersion="7.5.0"
	OSName="Linux"
	Hostname="olive-VirtualBox"
	OSRelease="5.4.0-84-generic"
	OSVersion="#94~18.04.1-Ubuntu SMP Thu Aug 26 23:17:46 UTC 2021"
	OSPlatform="x86_64"
	Is64Bits="1"
	VendorString="GenuineIntel"
	VendorID="Intel Corporation"
	FamilyID="6"
	ModelID="94"
	ProcessorCacheSize="8192"
	NumberOfLogicalCPU="1"
	NumberOfPhysicalCPU="1"
	TotalVirtualMemory="472"
	TotalPhysicalMemory="1987"
	LogicalProcessorsPerPhysical="1"
	ProcessorClockFrequency="4008"
	>
	<Testing>
		<StartDateTime>Jan 24 17:04 CET</StartDateTime>
		<StartTestTime>1643040245</StartTestTime>
		<TestList/>
		<EndDateTime>Jan 24 17:04 CET</EndDateTime>
		<EndTestTime>1643040245</EndTestTime>
		<ElapsedMinutes>0</ElapsedMinutes>
	</Testing>
</Site>
